0 info it worked if it ends with ok
1 verbose cli [ 'E:\\node.js\\node.exe',
1 verbose cli   'E:\\node.js\\node_modules\\npm\\bin\\npm-cli.js',
1 verbose cli   'start' ]
2 info using npm@3.10.10
3 info using node@v6.10.2
4 verbose run-script [ 'prestart', 'start', 'poststart' ]
5 info lifecycle hello-WS@1.0.0~prestart: hello-WS@1.0.0
6 silly lifecycle hello-WS@1.0.0~prestart: no script for prestart, continuing
7 info lifecycle hello-WS@1.0.0~start: hello-WS@1.0.0
8 verbose lifecycle hello-WS@1.0.0~start: unsafe-perm in lifecycle true
9 verbose lifecycle hello-WS@1.0.0~start: PATH: E:\node.js\node_modules\npm\bin\node-gyp-bin;F:\nodeJS\hello-ws\node_modules\.bin;C:\Windows\system32;C:\Windows;C:\Windows\System32\Wbem;C:\Windows\System32\WindowsPowerShell\v1.0\;E:\Asiainfo\SVN\TortoiseSVN\bin;E:\node.js\;E:\Matlab\Matlab\runtime\win64;E:\Matlab\Matlab\bin;E:\Matlab\Matlab\polyspace\bin;E:\python\python\Scripts\;E:\python\python\;E:\Asiainfo\JDK\bin;E:\Asiainfo\JDK\jre\bin;E:\Asiainfo\maven\apache-maven-3.2.3\bin;E:\Asiainfo\apache-tomcat-7.0.67\bin;C:\Users\yan\AppData\Roaming\npm;E:\appserv\Apache24\bin;E:\appserv\php5;E:\appserv\MySQL\bin;E:\VSCode\Microsoft VS Code\bin
10 verbose lifecycle hello-WS@1.0.0~start: CWD: F:\nodeJS\hello-ws
11 silly lifecycle hello-WS@1.0.0~start: Args: [ '/d /s /c', 'node app.js' ]
12 silly lifecycle hello-WS@1.0.0~start: Returned: code: 1  signal: null
13 info lifecycle hello-WS@1.0.0~start: Failed to exec start script
14 verbose stack Error: hello-WS@1.0.0 start: `node app.js`
14 verbose stack Exit status 1
14 verbose stack     at EventEmitter.<anonymous> (E:\node.js\node_modules\npm\lib\utils\lifecycle.js:255:16)
14 verbose stack     at emitTwo (events.js:106:13)
14 verbose stack     at EventEmitter.emit (events.js:191:7)
14 verbose stack     at ChildProcess.<anonymous> (E:\node.js\node_modules\npm\lib\utils\spawn.js:40:14)
14 verbose stack     at emitTwo (events.js:106:13)
14 verbose stack     at ChildProcess.emit (events.js:191:7)
14 verbose stack     at maybeClose (internal/child_process.js:886:16)
14 verbose stack     at Process.ChildProcess._handle.onexit (internal/child_process.js:226:5)
15 verbose pkgid hello-WS@1.0.0
16 verbose cwd F:\nodeJS\hello-ws
17 error Windows_NT 10.0.14393
18 error argv "E:\\node.js\\node.exe" "E:\\node.js\\node_modules\\npm\\bin\\npm-cli.js" "start"
19 error node v6.10.2
20 error npm  v3.10.10
21 error code ELIFECYCLE
22 error hello-WS@1.0.0 start: `node app.js`
22 error Exit status 1
23 error Failed at the hello-WS@1.0.0 start script 'node app.js'.
23 error Make sure you have the latest version of node.js and npm installed.
23 error If you do, this is most likely a problem with the hello-WS package,
23 error not with npm itself.
23 error Tell the author that this fails on your system:
23 error     node app.js
23 error You can get information on how to open an issue for this project with:
23 error     npm bugs hello-WS
23 error Or if that isn't available, you can get their info via:
23 error     npm owner ls hello-WS
23 error There is likely additional logging output above.
24 verbose exit [ 1, true ]
